{"/home/bliberini/workspace/7552-TDPII-SharedServer/testable.js":{"path":"/home/bliberini/workspace/7552-TDPII-SharedServer/testable.js","s":{"1":1,"2":1,"3":1,"4":1,"5":1,"6":3,"7":0,"8":1},"b":{"1":[1,0]},"f":{"1":1,"2":1,"3":3},"fnMap":{"1":{"name":"CartSummary","line":4,"loc":{"start":{"line":4,"column":0},"end":{"line":4,"column":28}}},"2":{"name":"(anonymous_2)","line":8,"loc":{"start":{"line":8,"column":36},"end":{"line":8,"column":47}}},"3":{"name":"(anonymous_3)","line":10,"loc":{"start":{"line":10,"column":34},"end":{"line":10,"column":59}}}},"statementMap":{"1":{"start":{"line":4,"column":0},"end":{"line":6,"column":1}},"2":{"start":{"line":5,"column":4},"end":{"line":5,"column":24}},"3":{"start":{"line":8,"column":0},"end":{"line":16,"column":2}},"4":{"start":{"line":9,"column":4},"end":{"line":13,"column":5}},"5":{"start":{"line":10,"column":8},"end":{"line":12,"column":14}},"6":{"start":{"line":11,"column":12},"end":{"line":11,"column":60}},"7":{"start":{"line":15,"column":4},"end":{"line":15,"column":13}},"8":{"start":{"line":18,"column":0},"end":{"line":18,"column":29}}},"branchMap":{"1":{"line":9,"type":"if","locations":[{"start":{"line":9,"column":4},"end":{"line":9,"column":4}},{"start":{"line":9,"column":4},"end":{"line":9,"column":4}}]}}}}